app/build/intermediates/manifest_merge_blame_file/release/processReleaseMainManifest/manifest-merger-blame-release-report.txt
1<?xml version="1.0" encoding="utf-8"?>
2<manifest xmlns:android="http://schemas.android.com/apk/res/android"
3    package="com.studiodragon.peanuts"
4    android:versionCode="1"
5    android:versionName="1.0" >
6
7    <uses-sdk
8        android:minSdkVersion="26"
9        android:targetSdkVersion="36" />
10
11    <!-- Permissions -->
12    <uses-permission android:name="android.permission.ACCESS_FINE_LOCATION" />
12-->src/main/AndroidManifest.xml:5:5-79
12-->src/main/AndroidManifest.xml:5:22-76
13    <uses-permission android:name="android.permission.ACCESS_COARSE_LOCATION" />
13-->src/main/AndroidManifest.xml:6:5-81
13-->src/main/AndroidManifest.xml:6:22-78
14    <uses-permission android:name="android.permission.ACCESS_MOCK_LOCATION" />
14-->src/main/AndroidManifest.xml:7:5-79
14-->src/main/AndroidManifest.xml:7:22-76
15    <uses-permission android:name="android.permission.FOREGROUND_SERVICE" />
15-->src/main/AndroidManifest.xml:8:5-77
15-->src/main/AndroidManifest.xml:8:22-74
16    <uses-permission android:name="android.permission.FOREGROUND_SERVICE_LOCATION" />
16-->src/main/AndroidManifest.xml:9:5-86
16-->src/main/AndroidManifest.xml:9:22-83
17    <uses-permission android:name="android.permission.INTERNET" />
17-->src/main/AndroidManifest.xml:10:5-67
17-->src/main/AndroidManifest.xml:10:22-64
18    <uses-permission android:name="android.permission.POST_NOTIFICATIONS" />
18-->src/main/AndroidManifest.xml:11:5-77
18-->src/main/AndroidManifest.xml:11:22-74
19
20    <permission
20-->[androidx.core:core:1.15.0] AndroidManifest.xml:22:5-24:47
21        android:name="com.studiodragon.peanuts.DYNAMIC_RECEIVER_NOT_EXPORTED_PERMISSION"
21-->[androidx.core:core:1.15.0] AndroidManifest.xml:23:9-81
22        android:protectionLevel="signature" />
22-->[androidx.core:core:1.15.0] AndroidManifest.xml:24:9-44
23
24    <uses-permission android:name="com.studiodragon.peanuts.DYNAMIC_RECEIVER_NOT_EXPORTED_PERMISSION" />
24-->[androidx.core:core:1.15.0] AndroidManifest.xml:26:5-97
24-->[androidx.core:core:1.15.0] AndroidManifest.xml:26:22-94
25
26    <application
26-->src/main/AndroidManifest.xml:13:5-67:19
27        android:allowBackup="true"
27-->src/main/AndroidManifest.xml:14:9-35
28        android:appComponentFactory="androidx.core.app.CoreComponentFactory"
28-->[androidx.core:core:1.15.0] AndroidManifest.xml:28:18-86
29        android:extractNativeLibs="false"
30        android:icon="@android:drawable/ic_dialog_map"
30-->src/main/AndroidManifest.xml:15:9-55
31        android:label="@string/app_name"
31-->src/main/AndroidManifest.xml:16:9-41
32        android:supportsRtl="true"
32-->src/main/AndroidManifest.xml:17:9-35
33        android:theme="@style/Theme.Peanuts" >
33-->src/main/AndroidManifest.xml:18:9-45
34
35        <!-- Main Activity -->
36        <activity
36-->src/main/AndroidManifest.xml:21:9-48:20
37            android:name="com.studiodragon.peanuts.ui.main.MainActivity"
37-->src/main/AndroidManifest.xml:22:13-49
38            android:exported="true"
38-->src/main/AndroidManifest.xml:23:13-36
39            android:launchMode="singleTask" >
39-->src/main/AndroidManifest.xml:24:13-44
40            <intent-filter>
40-->src/main/AndroidManifest.xml:25:13-28:29
41                <action android:name="android.intent.action.MAIN" />
41-->src/main/AndroidManifest.xml:26:17-69
41-->src/main/AndroidManifest.xml:26:25-66
42
43                <category android:name="android.intent.category.LAUNCHER" />
43-->src/main/AndroidManifest.xml:27:17-77
43-->src/main/AndroidManifest.xml:27:27-74
44            </intent-filter>
45
46            <!-- 1. Intercept Share Sheet (When user clicks "Share" in Google Maps) -->
47            <intent-filter>
47-->src/main/AndroidManifest.xml:31:13-35:29
48                <action android:name="android.intent.action.SEND" />
48-->src/main/AndroidManifest.xml:32:17-69
48-->src/main/AndroidManifest.xml:32:25-66
49
50                <category android:name="android.intent.category.DEFAULT" />
50-->src/main/AndroidManifest.xml:33:17-76
50-->src/main/AndroidManifest.xml:33:27-73
51
52                <data android:mimeType="text/plain" />
52-->src/main/AndroidManifest.xml:34:17-55
52-->src/main/AndroidManifest.xml:34:23-52
53            </intent-filter>
54
55            <!-- 2. Intercept Direct Link Clicks -->
56            <intent-filter android:autoVerify="true" >
56-->src/main/AndroidManifest.xml:38:13-47:29
56-->src/main/AndroidManifest.xml:38:28-53
57                <action android:name="android.intent.action.VIEW" />
57-->src/main/AndroidManifest.xml:39:17-69
57-->src/main/AndroidManifest.xml:39:25-66
58
59                <category android:name="android.intent.category.DEFAULT" />
59-->src/main/AndroidManifest.xml:33:17-76
59-->src/main/AndroidManifest.xml:33:27-73
60                <category android:name="android.intent.category.BROWSABLE" />
60-->src/main/AndroidManifest.xml:41:17-78
60-->src/main/AndroidManifest.xml:41:27-75
61
62                <data android:scheme="https" />
62-->src/main/AndroidManifest.xml:34:17-55
62-->src/main/AndroidManifest.xml:42:23-45
63                <data android:host="maps.app.goo.gl" />
63-->src/main/AndroidManifest.xml:34:17-55
63-->src/main/AndroidManifest.xml:43:23-53
64                <data android:host="maps.google.com" />
64-->src/main/AndroidManifest.xml:34:17-55
64-->src/main/AndroidManifest.xml:43:23-53
65                <data android:host="goo.gl" />
65-->src/main/AndroidManifest.xml:34:17-55
65-->src/main/AndroidManifest.xml:43:23-53
66                <data
66-->src/main/AndroidManifest.xml:34:17-55
67                    android:host="www.google.com"
67-->src/main/AndroidManifest.xml:43:23-53
68                    android:pathPrefix="/maps" />
68-->src/main/AndroidManifest.xml:46:53-79
69            </intent-filter>
70        </activity>
71
72        <!-- Map Picker Activity -->
73        <activity
73-->src/main/AndroidManifest.xml:51:9-53:40
74            android:name="com.studiodragon.peanuts.ui.mappicker.MapPickerActivity"
74-->src/main/AndroidManifest.xml:52:13-59
75            android:exported="false" />
75-->src/main/AndroidManifest.xml:53:13-37
76
77        <!-- Settings Activity -->
78        <activity
78-->src/main/AndroidManifest.xml:56:9-58:40
79            android:name="com.studiodragon.peanuts.ui.settings.SettingsActivity"
79-->src/main/AndroidManifest.xml:57:13-57
80            android:exported="false" />
80-->src/main/AndroidManifest.xml:58:13-37
81
82        <!-- Mock Location Foreground Service -->
83        <service
83-->src/main/AndroidManifest.xml:61:9-65:39
84            android:name="com.studiodragon.peanuts.core.MockLocationService"
84-->src/main/AndroidManifest.xml:62:13-53
85            android:exported="false"
85-->src/main/AndroidManifest.xml:63:13-37
86            android:foregroundServiceType="location"
86-->src/main/AndroidManifest.xml:64:13-53
87            android:label="peanuts" />
87-->src/main/AndroidManifest.xml:65:13-36
88
89        <provider
89-->[androidx.emoji2:emoji2:1.3.0] AndroidManifest.xml:24:9-32:20
90            android:name="androidx.startup.InitializationProvider"
90-->[androidx.emoji2:emoji2:1.3.0] AndroidManifest.xml:25:13-67
91            android:authorities="com.studiodragon.peanuts.androidx-startup"
91-->[androidx.emoji2:emoji2:1.3.0] AndroidManifest.xml:26:13-68
92            android:exported="false" >
92-->[androidx.emoji2:emoji2:1.3.0] AndroidManifest.xml:27:13-37
93            <meta-data
93-->[androidx.emoji2:emoji2:1.3.0] AndroidManifest.xml:29:13-31:52
94                android:name="androidx.emoji2.text.EmojiCompatInitializer"
94-->[androidx.emoji2:emoji2:1.3.0] AndroidManifest.xml:30:17-75
95                android:value="androidx.startup" />
95-->[androidx.emoji2:emoji2:1.3.0] AndroidManifest.xml:31:17-49
96            <meta-data
96-->[androidx.lifecycle:lifecycle-process:2.8.7] AndroidManifest.xml:29:13-31:52
97                android:name="androidx.lifecycle.ProcessLifecycleInitializer"
97-->[androidx.lifecycle:lifecycle-process:2.8.7] AndroidManifest.xml:30:17-78
98                android:value="androidx.startup" />
98-->[androidx.lifecycle:lifecycle-process:2.8.7] AndroidManifest.xml:31:17-49
99            <meta-data
99-->[androidx.profileinstaller:profileinstaller:1.4.0] AndroidManifest.xml:29:13-31:52
100                android:name="androidx.profileinstaller.ProfileInstallerInitializer"
100-->[androidx.profileinstaller:profileinstaller:1.4.0] AndroidManifest.xml:30:17-85
101                android:value="androidx.startup" />
101-->[androidx.profileinstaller:profileinstaller:1.4.0] AndroidManifest.xml:31:17-49
102        </provider>
103
104        <uses-library
104-->[androidx.window:window:1.0.0] AndroidManifest.xml:25:9-27:40
105            android:name="androidx.window.extensions"
105-->[androidx.window:window:1.0.0] AndroidManifest.xml:26:13-54
106            android:required="false" />
106-->[androidx.window:window:1.0.0] AndroidManifest.xml:27:13-37
107        <uses-library
107-->[androidx.window:window:1.0.0] AndroidManifest.xml:28:9-30:40
108            android:name="androidx.window.sidecar"
108-->[androidx.window:window:1.0.0] AndroidManifest.xml:29:13-51
109            android:required="false" />
109-->[androidx.window:window:1.0.0] AndroidManifest.xml:30:13-37
110
111        <receiver
111-->[androidx.profileinstaller:profileinstaller:1.4.0] AndroidManifest.xml:34:9-52:20
112            android:name="androidx.profileinstaller.ProfileInstallReceiver"
112-->[androidx.profileinstaller:profileinstaller:1.4.0] AndroidManifest.xml:35:13-76
113            android:directBootAware="false"
113-->[androidx.profileinstaller:profileinstaller:1.4.0] AndroidManifest.xml:36:13-44
114            android:enabled="true"
114-->[androidx.profileinstaller:profileinstaller:1.4.0] AndroidManifest.xml:37:13-35
115            android:exported="true"
115-->[androidx.profileinstaller:profileinstaller:1.4.0] AndroidManifest.xml:38:13-36
116            android:permission="android.permission.DUMP" >
116-->[androidx.profileinstaller:profileinstaller:1.4.0] AndroidManifest.xml:39:13-57
117            <intent-filter>
117-->[androidx.profileinstaller:profileinstaller:1.4.0] AndroidManifest.xml:40:13-42:29
118                <action android:name="androidx.profileinstaller.action.INSTALL_PROFILE" />
118-->[androidx.profileinstaller:profileinstaller:1.4.0] AndroidManifest.xml:41:17-91
118-->[androidx.profileinstaller:profileinstaller:1.4.0] AndroidManifest.xml:41:25-88
119            </intent-filter>
120            <intent-filter>
120-->[androidx.profileinstaller:profileinstaller:1.4.0] AndroidManifest.xml:43:13-45:29
121                <action android:name="androidx.profileinstaller.action.SKIP_FILE" />
121-->[androidx.profileinstaller:profileinstaller:1.4.0] AndroidManifest.xml:44:17-85
121-->[androidx.profileinstaller:profileinstaller:1.4.0] AndroidManifest.xml:44:25-82
122            </intent-filter>
123            <intent-filter>
123-->[androidx.profileinstaller:profileinstaller:1.4.0] AndroidManifest.xml:46:13-48:29
124                <action android:name="androidx.profileinstaller.action.SAVE_PROFILE" />
124-->[androidx.profileinstaller:profileinstaller:1.4.0] AndroidManifest.xml:47:17-88
124-->[androidx.profileinstaller:profileinstaller:1.4.0] AndroidManifest.xml:47:25-85
125            </intent-filter>
126            <intent-filter>
126-->[androidx.profileinstaller:profileinstaller:1.4.0] AndroidManifest.xml:49:13-51:29
127                <action android:name="androidx.profileinstaller.action.BENCHMARK_OPERATION" />
127-->[androidx.profileinstaller:profileinstaller:1.4.0] AndroidManifest.xml:50:17-95
127-->[androidx.profileinstaller:profileinstaller:1.4.0] AndroidManifest.xml:50:25-92
128            </intent-filter>
129        </receiver>
130    </application>
131
132</manifest>